[0.030s] Invoking command in '/ros2_ws/build/navigation': CMAKE_PREFIX_PATH=/ros2_ws/install/rospi_pre:/ros2_ws/install/navigation:/ros2_ws/install/realsense2_description:/ros2_ws/install/realsense2_camera:/ros2_ws/install/realsense2_camera_msgs:/ros2_ws/install/camera:/opt/ros/humble /usr/bin/cmake --build /ros2_ws/build/navigation -- -j12 -l12
[0.098s] [ 16%] [32mBuilding CXX object CMakeFiles/curved_path_tracker.dir/src/curved_path_tracker.cpp.o[0m
[0.102s] [ 83%] Built target chassis_controller
[0.103s] [ 83%] Built target check_point_4
[0.108s] [01m[K/ros2_ws/src/navigation/src/curved_path_tracker.cpp:1:10:[m[K [01;31m[Kfatal error: [m[Krclcpp/rclcpp.hpp: No such file or directory
[0.108s]     1 | #include [01;31m[K<rclcpp/rclcpp.hpp>[m[K
[0.108s]       |          [01;31m[K^~~~~~~~~~~~~~~~~~~[m[K
[0.108s] compilation terminated.
[0.109s] gmake[2]: *** [CMakeFiles/curved_path_tracker.dir/build.make:76: CMakeFiles/curved_path_tracker.dir/src/curved_path_tracker.cpp.o] Error 1
[0.109s] gmake[1]: *** [CMakeFiles/Makefile2:193: CMakeFiles/curved_path_tracker.dir/all] Error 2
[0.109s] gmake: *** [Makefile:146: all] Error 2
[0.112s] Invoked command in '/ros2_ws/build/navigation' returned '2': CMAKE_PREFIX_PATH=/ros2_ws/install/rospi_pre:/ros2_ws/install/navigation:/ros2_ws/install/realsense2_description:/ros2_ws/install/realsense2_camera:/ros2_ws/install/realsense2_camera_msgs:/ros2_ws/install/camera:/opt/ros/humble /usr/bin/cmake --build /ros2_ws/build/navigation -- -j12 -l12
