[01m[K/ros2_ws/src/navigation/src/curved_path_tracker.cpp:1:10:[m[K [01;31m[Kfatal error: [m[Krclcpp/rclcpp.hpp: No such file or directory
    1 | #include [01;31m[K<rclcpp/rclcpp.hpp>[m[K
      |          [01;31m[K^~~~~~~~~~~~~~~~~~~[m[K
compilation terminated.
gmake[2]: *** [CMakeFiles/curved_path_tracker.dir/build.make:76: CMakeFiles/curved_path_tracker.dir/src/curved_path_tracker.cpp.o] Error 1
gmake[1]: *** [CMakeFiles/Makefile2:193: CMakeFiles/curved_path_tracker.dir/all] Error 2
gmake: *** [Makefile:146: all] Error 2
