[0.031s] Invoking command in '/ros2_ws/build/navigation': CMAKE_PREFIX_PATH=/ros2_ws/install/rospi_pre:/ros2_ws/install/navigation:/ros2_ws/install/realsense2_description:/ros2_ws/install/realsense2_camera:/ros2_ws/install/realsense2_camera_msgs:/ros2_ws/install/camera:/opt/ros/humble /usr/bin/cmake --build /ros2_ws/build/navigation -- -j12 -l12
[0.061s] -- Found ament_cmake: 1.3.12 (/opt/ros/humble/share/ament_cmake/cmake)
[0.161s] -- Found rclcpp: 16.0.14 (/opt/ros/humble/share/rclcpp/cmake)
[0.181s] -- Found rosidl_generator_c: 3.1.7 (/opt/ros/humble/share/rosidl_generator_c/cmake)
[0.183s] -- Found rosidl_adapter: 3.1.7 (/opt/ros/humble/share/rosidl_adapter/cmake)
[0.187s] -- Found rosidl_generator_cpp: 3.1.7 (/opt/ros/humble/share/rosidl_generator_cpp/cmake)
[0.194s] -- Using all available rosidl_typesupport_c: rosidl_typesupport_fastrtps_c;rosidl_typesupport_introspection_c
[0.202s] -- Using all available rosidl_typesupport_cpp: rosidl_typesupport_fastrtps_cpp;rosidl_typesupport_introspection_cpp
[0.227s] -- Found rmw_implementation_cmake: 6.1.2 (/opt/ros/humble/share/rmw_implementation_cmake/cmake)
[0.228s] -- Found rmw_cyclonedds_cpp: 1.3.4 (/opt/ros/humble/share/rmw_cyclonedds_cpp/cmake)
[0.241s] -- Using RMW implementation 'rmw_cyclonedds_cpp' as default
[0.274s] -- Found nav_msgs: 4.9.0 (/opt/ros/humble/share/nav_msgs/cmake)
[0.294s] -- Found rospi_pre: 0.0.0 (/ros2_ws/install/rospi_pre/share/rospi_pre/cmake)
[0.305s] -- Found ament_lint_auto: 0.12.14 (/opt/ros/humble/share/ament_lint_auto/cmake)
[0.358s] -- Added test 'cppcheck' to perform static code analysis on C / C++ code
[0.359s] -- Configured cppcheck include dirs: 
[0.359s] -- Configured cppcheck exclude dirs and/or files: 
[0.359s] -- Added test 'lint_cmake' to check CMake code style
[0.360s] -- Added test 'uncrustify' to check C / C++ code style
[0.360s] -- Configured uncrustify additional arguments: 
[0.360s] -- Added test 'xmllint' to check XML markup files
[0.361s] -- Configuring done
[0.382s] -- Generating done
[0.386s] -- Build files have been written to: /ros2_ws/build/navigation
[0.409s] [35m[1mConsolidate compiler generated dependencies of target chassis_controller[0m
[0.409s] [35m[1mConsolidate compiler generated dependencies of target check_point_4[0m
[0.417s] [ 16%] [32mBuilding CXX object CMakeFiles/curved_path_tracker.dir/src/curved_path_tracker.cpp.o[0m
[0.438s] [ 50%] Built target chassis_controller
[0.439s] [ 83%] Built target check_point_4
[0.439s] [01m[K/ros2_ws/src/navigation/src/curved_path_tracker.cpp:1:10:[m[K [01;31m[Kfatal error: [m[Krclcpp/rclcpp.hpp: No such file or directory
[0.439s]     1 | #include [01;31m[K<rclcpp/rclcpp.hpp>[m[K
[0.439s]       |          [01;31m[K^~~~~~~~~~~~~~~~~~~[m[K
[0.439s] compilation terminated.
[0.440s] gmake[2]: *** [CMakeFiles/curved_path_tracker.dir/build.make:76: CMakeFiles/curved_path_tracker.dir/src/curved_path_tracker.cpp.o] Error 1
[0.441s] gmake[1]: *** [CMakeFiles/Makefile2:193: CMakeFiles/curved_path_tracker.dir/all] Error 2
[0.441s] gmake: *** [Makefile:146: all] Error 2
[0.443s] Invoked command in '/ros2_ws/build/navigation' returned '2': CMAKE_PREFIX_PATH=/ros2_ws/install/rospi_pre:/ros2_ws/install/navigation:/ros2_ws/install/realsense2_description:/ros2_ws/install/realsense2_camera:/ros2_ws/install/realsense2_camera_msgs:/ros2_ws/install/camera:/opt/ros/humble /usr/bin/cmake --build /ros2_ws/build/navigation -- -j12 -l12
