[0.000000] (-) TimerEvent: {}
[0.000223] (-) JobUnselected: {'identifier': 'camera'}
[0.000257] (-) JobUnselected: {'identifier': 'realsense2_camera'}
[0.000281] (-) JobUnselected: {'identifier': 'realsense2_camera_msgs'}
[0.000309] (-) JobUnselected: {'identifier': 'realsense2_description'}
[0.000324] (-) JobUnselected: {'identifier': 'rospi_pre'}
[0.000381] (navigation) JobQueued: {'identifier': 'navigation', 'dependencies': OrderedDict([('rospi_pre', '/ros2_ws/install/rospi_pre')])}
[0.000530] (navigation) JobStarted: {'identifier': 'navigation'}
[0.026883] (navigation) JobProgress: {'identifier': 'navigation', 'progress': 'cmake'}
[0.027623] (navigation) JobProgress: {'identifier': 'navigation', 'progress': 'build'}
[0.028604] (navigation) Command: {'cmd': ['/usr/bin/cmake', '--build', '/ros2_ws/build/navigation', '--', '-j12', '-l12'], 'cwd': '/ros2_ws/build/navigation', 'env': OrderedDict([('HOSTNAME', 'yilan'), ('SHLVL', '1'), ('LD_LIBRARY_PATH', '/ros2_ws/install/rospi_pre/lib:/ros2_ws/install/realsense2_camera/lib:/ros2_ws/install/realsense2_camera_msgs/lib:/opt/ros/humble/opt/rviz_ogre_vendor/lib:/opt/ros/humble/lib/x86_64-linux-gnu:/opt/ros/humble/lib'), ('HOME', '/root'), ('OLDPWD', '/ros2_ws/src'), ('ROS_PYTHON_VERSION', '3'), ('PS1', '\\[\x1b[32m\\]wu-ros2\\[\x1b[m\\]@\\[\x1b[34m\\]\\w# \\[\x1b[m\\]'), ('COLCON_PREFIX_PATH', '/ros2_ws/install'), ('ROS_DISTRO', 'humble'), ('_', '/usr/bin/colcon'), ('ROS_VERSION', '2'), ('TERM', 'xterm-256color'), ('ROS_LOCALHOST_ONLY', '0'), ('QT_X11_NO_MITSHM', '1'), ('PATH', '/opt/ros/humble/bin:/usr/local/sbin:/usr/local/bin:/usr/sbin:/usr/bin:/sbin:/bin'), ('DISPLAY', ':1'), ('LANG', 'en_US.UTF-8'), ('RMW_IMPLEMENTATION', 'rmw_cyclonedds_cpp'), ('LS_COLORS', 'rs=0:di=01;34:ln=01;36:mh=00:pi=40;33:so=01;35:do=01;35:bd=40;33;01:cd=40;33;01:or=40;31;01:mi=00:su=37;41:sg=30;43:ca=30;41:tw=30;42:ow=34;42:st=37;44:ex=01;32:*.tar=01;31:*.tgz=01;31:*.arc=01;31:*.arj=01;31:*.taz=01;31:*.lha=01;31:*.lz4=01;31:*.lzh=01;31:*.lzma=01;31:*.tlz=01;31:*.txz=01;31:*.tzo=01;31:*.t7z=01;31:*.zip=01;31:*.z=01;31:*.dz=01;31:*.gz=01;31:*.lrz=01;31:*.lz=01;31:*.lzo=01;31:*.xz=01;31:*.zst=01;31:*.tzst=01;31:*.bz2=01;31:*.bz=01;31:*.tbz=01;31:*.tbz2=01;31:*.tz=01;31:*.deb=01;31:*.rpm=01;31:*.jar=01;31:*.war=01;31:*.ear=01;31:*.sar=01;31:*.rar=01;31:*.alz=01;31:*.ace=01;31:*.zoo=01;31:*.cpio=01;31:*.7z=01;31:*.rz=01;31:*.cab=01;31:*.wim=01;31:*.swm=01;31:*.dwm=01;31:*.esd=01;31:*.jpg=01;35:*.jpeg=01;35:*.mjpg=01;35:*.mjpeg=01;35:*.gif=01;35:*.bmp=01;35:*.pbm=01;35:*.pgm=01;35:*.ppm=01;35:*.tga=01;35:*.xbm=01;35:*.xpm=01;35:*.tif=01;35:*.tiff=01;35:*.png=01;35:*.svg=01;35:*.svgz=01;35:*.mng=01;35:*.pcx=01;35:*.mov=01;35:*.mpg=01;35:*.mpeg=01;35:*.m2v=01;35:*.mkv=01;35:*.webm=01;35:*.webp=01;35:*.ogm=01;35:*.mp4=01;35:*.m4v=01;35:*.mp4v=01;35:*.vob=01;35:*.qt=01;35:*.nuv=01;35:*.wmv=01;35:*.asf=01;35:*.rm=01;35:*.rmvb=01;35:*.flc=01;35:*.avi=01;35:*.fli=01;35:*.flv=01;35:*.gl=01;35:*.dl=01;35:*.xcf=01;35:*.xwd=01;35:*.yuv=01;35:*.cgm=01;35:*.emf=01;35:*.ogv=01;35:*.ogx=01;35:*.aac=00;36:*.au=00;36:*.flac=00;36:*.m4a=00;36:*.mid=00;36:*.midi=00;36:*.mka=00;36:*.mp3=00;36:*.mpc=00;36:*.ogg=00;36:*.ra=00;36:*.wav=00;36:*.oga=00;36:*.opus=00;36:*.spx=00;36:*.xspf=00;36:'), ('ROS_DOMAIN_ID', '23'), ('AMENT_PREFIX_PATH', '/ros2_ws/install/navigation:/ros2_ws/install/rospi_pre:/ros2_ws/install/realsense2_description:/ros2_ws/install/realsense2_camera:/ros2_ws/install/realsense2_camera_msgs:/ros2_ws/install/camera:/opt/ros/humble'), ('PWD', '/ros2_ws/build/navigation'), ('LC_ALL', 'en_US.UTF-8'), ('PYTHONPATH', '/ros2_ws/install/rospi_pre/local/lib/python3.10/dist-packages:/ros2_ws/install/realsense2_camera_msgs/local/lib/python3.10/dist-packages:/opt/ros/humble/lib/python3.10/site-packages:/opt/ros/humble/local/lib/python3.10/dist-packages'), ('COLCON', '1'), ('CMAKE_PREFIX_PATH', '/ros2_ws/install/rospi_pre:/ros2_ws/install/navigation:/ros2_ws/install/realsense2_description:/ros2_ws/install/realsense2_camera:/ros2_ws/install/realsense2_camera_msgs:/ros2_ws/install/camera:/opt/ros/humble')]), 'shell': False}
[0.060902] (navigation) StdoutLine: {'line': b'-- Found ament_cmake: 1.3.12 (/opt/ros/humble/share/ament_cmake/cmake)\n'}
[0.098896] (-) TimerEvent: {}
[0.160870] (navigation) StdoutLine: {'line': b'-- Found rclcpp: 16.0.14 (/opt/ros/humble/share/rclcpp/cmake)\n'}
[0.181660] (navigation) StdoutLine: {'line': b'-- Found rosidl_generator_c: 3.1.7 (/opt/ros/humble/share/rosidl_generator_c/cmake)\n'}
[0.183338] (navigation) StdoutLine: {'line': b'-- Found rosidl_adapter: 3.1.7 (/opt/ros/humble/share/rosidl_adapter/cmake)\n'}
[0.187469] (navigation) StdoutLine: {'line': b'-- Found rosidl_generator_cpp: 3.1.7 (/opt/ros/humble/share/rosidl_generator_cpp/cmake)\n'}
[0.193935] (navigation) StdoutLine: {'line': b'-- Using all available rosidl_typesupport_c: rosidl_typesupport_fastrtps_c;rosidl_typesupport_introspection_c\n'}
[0.199008] (-) TimerEvent: {}
[0.202790] (navigation) StdoutLine: {'line': b'-- Using all available rosidl_typesupport_cpp: rosidl_typesupport_fastrtps_cpp;rosidl_typesupport_introspection_cpp\n'}
[0.227749] (navigation) StdoutLine: {'line': b'-- Found rmw_implementation_cmake: 6.1.2 (/opt/ros/humble/share/rmw_implementation_cmake/cmake)\n'}
[0.228866] (navigation) StdoutLine: {'line': b'-- Found rmw_cyclonedds_cpp: 1.3.4 (/opt/ros/humble/share/rmw_cyclonedds_cpp/cmake)\n'}
[0.241265] (navigation) StdoutLine: {'line': b"-- Using RMW implementation 'rmw_cyclonedds_cpp' as default\n"}
[0.273916] (navigation) StdoutLine: {'line': b'-- Found nav_msgs: 4.9.0 (/opt/ros/humble/share/nav_msgs/cmake)\n'}
[0.294242] (navigation) StdoutLine: {'line': b'-- Found rospi_pre: 0.0.0 (/ros2_ws/install/rospi_pre/share/rospi_pre/cmake)\n'}
[0.299135] (-) TimerEvent: {}
[0.304946] (navigation) StdoutLine: {'line': b'-- Found ament_lint_auto: 0.12.14 (/opt/ros/humble/share/ament_lint_auto/cmake)\n'}
[0.358665] (navigation) StdoutLine: {'line': b"-- Added test 'cppcheck' to perform static code analysis on C / C++ code\n"}
[0.358983] (navigation) StdoutLine: {'line': b'-- Configured cppcheck include dirs: \n'}
[0.359106] (navigation) StdoutLine: {'line': b'-- Configured cppcheck exclude dirs and/or files: \n'}
[0.359302] (navigation) StdoutLine: {'line': b"-- Added test 'lint_cmake' to check CMake code style\n"}
[0.360259] (navigation) StdoutLine: {'line': b"-- Added test 'uncrustify' to check C / C++ code style\n"}
[0.360314] (navigation) StdoutLine: {'line': b'-- Configured uncrustify additional arguments: \n'}
[0.360539] (navigation) StdoutLine: {'line': b"-- Added test 'xmllint' to check XML markup files\n"}
[0.361114] (navigation) StdoutLine: {'line': b'-- Configuring done\n'}
[0.382021] (navigation) StdoutLine: {'line': b'-- Generating done\n'}
[0.386558] (navigation) StdoutLine: {'line': b'-- Build files have been written to: /ros2_ws/build/navigation\n'}
[0.399197] (-) TimerEvent: {}
[0.409283] (navigation) StdoutLine: {'line': b'\x1b[35m\x1b[1mConsolidate compiler generated dependencies of target chassis_controller\x1b[0m\n'}
[0.409500] (navigation) StdoutLine: {'line': b'\x1b[35m\x1b[1mConsolidate compiler generated dependencies of target check_point_4\x1b[0m\n'}
[0.417582] (navigation) StdoutLine: {'line': b'[ 16%] \x1b[32mBuilding CXX object CMakeFiles/curved_path_tracker.dir/src/curved_path_tracker.cpp.o\x1b[0m\n'}
[0.438230] (navigation) StdoutLine: {'line': b'[ 50%] Built target chassis_controller\n'}
[0.438990] (navigation) StdoutLine: {'line': b'[ 83%] Built target check_point_4\n'}
[0.439546] (navigation) StderrLine: {'line': b'\x1b[01m\x1b[K/ros2_ws/src/navigation/src/curved_path_tracker.cpp:1:10:\x1b[m\x1b[K \x1b[01;31m\x1b[Kfatal error: \x1b[m\x1b[Krclcpp/rclcpp.hpp: No such file or directory\n'}
[0.439620] (navigation) StderrLine: {'line': b'    1 | #include \x1b[01;31m\x1b[K<rclcpp/rclcpp.hpp>\x1b[m\x1b[K\n'}
[0.439663] (navigation) StderrLine: {'line': b'      |          \x1b[01;31m\x1b[K^~~~~~~~~~~~~~~~~~~\x1b[m\x1b[K\n'}
[0.439705] (navigation) StderrLine: {'line': b'compilation terminated.\n'}
[0.440847] (navigation) StderrLine: {'line': b'gmake[2]: *** [CMakeFiles/curved_path_tracker.dir/build.make:76: CMakeFiles/curved_path_tracker.dir/src/curved_path_tracker.cpp.o] Error 1\n'}
[0.441041] (navigation) StderrLine: {'line': b'gmake[1]: *** [CMakeFiles/Makefile2:193: CMakeFiles/curved_path_tracker.dir/all] Error 2\n'}
[0.441284] (navigation) StderrLine: {'line': b'gmake: *** [Makefile:146: all] Error 2\n'}
[0.443470] (navigation) CommandEnded: {'returncode': 2}
[0.453398] (navigation) JobEnded: {'identifier': 'navigation', 'rc': 2}
[0.464004] (-) EventReactorShutdown: {}
